Using pre-set license
Built from '2020.2/release' branch; Version is '2020.2.4f1 (becced5a802b) revision 12504301'; Using compiler version '192528614'; Build Type 'Release'
OS: 'Windows 10 Home; OS build 22631.5039; Version 2009; 64bit' Language: 'es' Physical Memory: 7103 MB
BatchMode: 1, IsHumanControllingUs: 0, StartBugReporterOnCrash: 0, Is64bit: 1, IsPro: 0

 COMMAND LINE ARGUMENTS:
D:\Program Files\Unity\Hub\Editor\2020.2.4f1\Editor\Unity.exe
-adb2
-batchMode
-noUpm
-name
AssetImportWorker0
-projectPath
D:/Unity Projects/Roll-a-Ball
-logFile
Logs/AssetImportWorker0.log
-srvPort
56754
Successfully changed project path to: D:/Unity Projects/Roll-a-Ball
D:/Unity Projects/Roll-a-Ball
Using Asset Import Pipeline V2.
Refreshing native plugins compatible for Editor in 50.64 ms, found 0 plugins.
Preloading 0 native plugins for Editor in 0.00 ms.
Initialize engine version: 2020.2.4f1 (becced5a802b)
[Subsystems] Discovering subsystems at path D:/Program Files/Unity/Hub/Editor/2020.2.4f1/Editor/Data/Resources/UnitySubsystems
[Subsystems] Discovering subsystems at path D:/Unity Projects/Roll-a-Ball/Assets
GfxDevice: creating device client; threaded=0
Direct3D:
    Version:  Direct3D 11.0 [level 11.1]
    Renderer: AMD Radeon(TM) Vega 8 Graphics (ID=0x15d8)
    Vendor:   
    VRAM:     3551 MB
    Driver:   26.20.11030.22001
Initialize mono
Mono path[0] = 'D:/Program Files/Unity/Hub/Editor/2020.2.4f1/Editor/Data/Managed'
Mono path[1] = 'D:/Program Files/Unity/Hub/Editor/2020.2.4f1/Editor/Data/MonoBleedingEdge/lib/mono/unityjit'
Mono config path = 'D:/Program Files/Unity/Hub/Editor/2020.2.4f1/Editor/Data/MonoBleedingEdge/etc'
Using monoOptions --debugger-agent=transport=dt_socket,embedding=1,server=y,suspend=n,address=127.0.0.1:56368
Begin MonoManager ReloadAssembly
Registering precompiled unity dll's ...
Register platform support module: D:/Program Files/Unity/Hub/Editor/2020.2.4f1/Editor/Data/PlaybackEngines/MacStandaloneSupport/UnityEditor.OSXStandalone.Extensions.dll
Register platform support module: D:/Program Files/Unity/Hub/Editor/2020.2.4f1/Editor/Data/PlaybackEngines/WindowsStandaloneSupport/UnityEditor.WindowsStandalone.Extensions.dll
Registered in 0.005042 seconds.
Native extension for WindowsStandalone target not found
Native extension for OSXStandalone target not found
Refreshing native plugins compatible for Editor in 64.55 ms, found 0 plugins.
Preloading 0 native plugins for Editor in 0.00 ms.
Invoked RoslynAnalysisRunner static constructor.
RoslynAnalysisRunner will not be running.
RoslynAnalysisRunner has terminated.
Mono: successfully reloaded assembly
- Completed reload, in  3.348 seconds
Platform modules already initialized, skipping
Registering precompiled user dll's ...
Registered in 0.003141 seconds.
Begin MonoManager ReloadAssembly
Native extension for WindowsStandalone target not found
Native extension for OSXStandalone target not found
Refreshing native plugins compatible for Editor in 50.70 ms, found 0 plugins.
Preloading 0 native plugins for Editor in 0.00 ms.
Invoked RoslynAnalysisRunner static constructor.
RoslynAnalysisRunner will not be running.
RoslynAnalysisRunner has terminated.
Mono: successfully reloaded assembly
- Completed reload, in  1.819 seconds
Platform modules already initialized, skipping
========================================================================
Worker process is ready to serve import requests
Launched and connected shader compiler UnityShaderCompiler.exe after 0.21 seconds
Refreshing native plugins compatible for Editor in 1.37 ms, found 0 plugins.
Preloading 0 native plugins for Editor in 0.00 ms.
Unloading 1418 Unused Serialized files (Serialized files now loaded: 0)
System memory in use before: 68.9 MB.
System memory in use after: 69.0 MB.

Unloading 11 unused Assets to reduce memory usage. Loaded Objects now: 1862.
Total: 5.875300 ms (FindLiveObjects: 0.449200 ms CreateObjectMapping: 0.093800 ms MarkObjects: 5.158300 ms  DeleteObjects: 0.170600 ms)

========================================================================
Received Import Request.
  path: Assets/Materials/Stone Bricks Large.mat
  artifactKey: Guid(f1f48105707a5ba4cb0212bbebe1cef6) Importer(815301076,1909f56bfc062723c751e8b465ee728b)
Start importing Assets/Materials/Stone Bricks Large.mat using Guid(f1f48105707a5ba4cb0212bbebe1cef6) Importer(815301076,1909f56bfc062723c751e8b465ee728b)  -> (artifact id: '3da52f3b11f977c071464678bfe9c8b8') in 0.465329 seconds
  Import took 0.472435 seconds .

========================================================================
Received Import Request.
  Time since last request: 0.001276 seconds.
  path: Assets/Textures/Enemy.png
  artifactKey: Guid(d7c6c494c1634344987130d065690fa6) Importer(815301076,1909f56bfc062723c751e8b465ee728b)
Start importing Assets/Textures/Enemy.png using Guid(d7c6c494c1634344987130d065690fa6) Importer(815301076,1909f56bfc062723c751e8b465ee728b)  -> (artifact id: '61863ca543b03b8827f61c56f13729fc') in 0.072530 seconds
  Import took 0.077764 seconds .

========================================================================
Received Import Request.
  Time since last request: 0.000437 seconds.
  path: Assets/Materials/Stone Bricks.mat
  artifactKey: Guid(0219249e063a53d4a94eac8af2addf99) Importer(815301076,1909f56bfc062723c751e8b465ee728b)
Start importing Assets/Materials/Stone Bricks.mat using Guid(0219249e063a53d4a94eac8af2addf99) Importer(815301076,1909f56bfc062723c751e8b465ee728b)  -> (artifact id: '01295c6230ae0a0abf408990805ef8d7') in 0.034498 seconds
  Import took 0.040900 seconds .

========================================================================
Received Import Request.
  Time since last request: 0.000422 seconds.
  path: Assets/Materials/Lava Large Narrow.mat
  artifactKey: Guid(b9c4d2413a3ca05409c5038c21aebcbd) Importer(815301076,1909f56bfc062723c751e8b465ee728b)
Start importing Assets/Materials/Lava Large Narrow.mat using Guid(b9c4d2413a3ca05409c5038c21aebcbd) Importer(815301076,1909f56bfc062723c751e8b465ee728b)  -> (artifact id: 'c9bad2874184525defb9c5f8618baf0b') in 0.034814 seconds
  Import took 0.039511 seconds .

========================================================================
Received Import Request.
  Time since last request: 0.000434 seconds.
  path: Assets/Materials/Lava Large.mat
  artifactKey: Guid(5b2f4c918327e9e4eb5cabc993b2edda) Importer(815301076,1909f56bfc062723c751e8b465ee728b)
Start importing Assets/Materials/Lava Large.mat using Guid(5b2f4c918327e9e4eb5cabc993b2edda) Importer(815301076,1909f56bfc062723c751e8b465ee728b)  -> (artifact id: 'a9e2b35fe02e40068fff20119f141c1d') in 0.038804 seconds
  Import took 0.046010 seconds .

========================================================================
Received Import Request.
  Time since last request: 0.000403 seconds.
  path: Assets/Materials/Wooden Box.mat
  artifactKey: Guid(1209a36e8fb36844abf3615bc02bdf3c) Importer(815301076,1909f56bfc062723c751e8b465ee728b)
Start importing Assets/Materials/Wooden Box.mat using Guid(1209a36e8fb36844abf3615bc02bdf3c) Importer(815301076,1909f56bfc062723c751e8b465ee728b)  -> (artifact id: '9a2fb966e6c55a579143f64ef7abb513') in 0.039212 seconds
  Import took 0.044904 seconds .

========================================================================
Received Import Request.
  Time since last request: 0.000414 seconds.
  path: Assets/Materials/Lava Large.mat
  artifactKey: Guid(5b2f4c918327e9e4eb5cabc993b2edda) Importer(815301076,1909f56bfc062723c751e8b465ee728b)
Start importing Assets/Materials/Lava Large.mat using Guid(5b2f4c918327e9e4eb5cabc993b2edda) Importer(815301076,1909f56bfc062723c751e8b465ee728b)  -> (artifact id: 'a9e2b35fe02e40068fff20119f141c1d') in 0.032449 seconds
  Import took 0.038132 seconds .

========================================================================
Received Import Request.
  Time since last request: 144.232323 seconds.
  path: Assets/Textures/Player.png
  artifactKey: Guid(f83c09cbff6ee8c40a5d979808a1314c) Importer(815301076,1909f56bfc062723c751e8b465ee728b)
Start importing Assets/Textures/Player.png using Guid(f83c09cbff6ee8c40a5d979808a1314c) Importer(815301076,1909f56bfc062723c751e8b465ee728b)  -> (artifact id: '3137d1ae40f57e734f9acd6748c4d05e') in 0.035073 seconds
  Import took 0.041650 seconds .

========================================================================
Received Import Request.
  Time since last request: 91.533779 seconds.
  path: Assets/Textures/Player.png
  artifactKey: Guid(f83c09cbff6ee8c40a5d979808a1314c) Importer(815301076,1909f56bfc062723c751e8b465ee728b)
Start importing Assets/Textures/Player.png using Guid(f83c09cbff6ee8c40a5d979808a1314c) Importer(815301076,1909f56bfc062723c751e8b465ee728b)  -> (artifact id: '98329a545c3fa36d4ee13f4b792a7763') in 0.039045 seconds
  Import took 0.047182 seconds .

========================================================================
Received Prepare
Registering precompiled user dll's ...
Registered in 0.001450 seconds.
Begin MonoManager ReloadAssembly
Native extension for WindowsStandalone target not found
Native extension for OSXStandalone target not found
Refreshing native plugins compatible for Editor in 0.46 ms, found 0 plugins.
Preloading 0 native plugins for Editor in 0.00 ms.
Invoked RoslynAnalysisRunner static constructor.
RoslynAnalysisRunner will not be running.
RoslynAnalysisRunner has terminated.
Mono: successfully reloaded assembly
- Completed reload, in  2.086 seconds
Platform modules already initialized, skipping
Refreshing native plugins compatible for Editor in 0.48 ms, found 0 plugins.
Preloading 0 native plugins for Editor in 0.00 ms.
Unloading 1399 Unused Serialized files (Serialized files now loaded: 0)
System memory in use before: 71.3 MB.
System memory in use after: 71.4 MB.

Unloading 4 unused Assets to reduce memory usage. Loaded Objects now: 1906.
Total: 3.117700 ms (FindLiveObjects: 0.280300 ms CreateObjectMapping: 0.053100 ms MarkObjects: 2.751900 ms  DeleteObjects: 0.030200 ms)

========================================================================
Received Import Request.
  Time since last request: 489.282218 seconds.
  path: Assets/Materials/Lava Small Narrow.mat
  artifactKey: Guid(9f4b813152d8f7e4a80db5d010e645e1) Importer(815301076,1909f56bfc062723c751e8b465ee728b)
Start importing Assets/Materials/Lava Small Narrow.mat using Guid(9f4b813152d8f7e4a80db5d010e645e1) Importer(815301076,1909f56bfc062723c751e8b465ee728b)  -> (artifact id: 'bee8719e9178b90d4a22aecb813ef5ff') in 0.142005 seconds
  Import took 0.181939 seconds .

========================================================================
Received Import Request.
  Time since last request: 81.635533 seconds.
  path: Assets/Prefabs/Obstacle.prefab
  artifactKey: Guid(8748a3f7fa0e95844940a0d1af891dac) Importer(815301076,1909f56bfc062723c751e8b465ee728b)
Start importing Assets/Prefabs/Obstacle.prefab using Guid(8748a3f7fa0e95844940a0d1af891dac) Importer(815301076,1909f56bfc062723c751e8b465ee728b)  -> (artifact id: 'b899fd349b73871eb650bb178c000714') in 0.057301 seconds
  Import took 0.062253 seconds .

========================================================================
Received Import Request.
  Time since last request: 3.610713 seconds.
  path: Assets/Prefabs/Obstacle 1.prefab
  artifactKey: Guid(d3eea4bd568a2f64db232c4237b15850) Importer(815301076,1909f56bfc062723c751e8b465ee728b)
Start importing Assets/Prefabs/Obstacle 1.prefab using Guid(d3eea4bd568a2f64db232c4237b15850) Importer(815301076,1909f56bfc062723c751e8b465ee728b)  -> (artifact id: '59d5aea30ad218cd5bdcde33e53af95e') in 0.040156 seconds
  Import took 0.045155 seconds .

========================================================================
Received Import Request.
  Time since last request: 301.295643 seconds.
  path: Assets/Scripts/PlayerController.cs
  artifactKey: Guid(4ad92d01de5efd04385accb08fdbe2da) Importer(815301076,1909f56bfc062723c751e8b465ee728b)
Start importing Assets/Scripts/PlayerController.cs using Guid(4ad92d01de5efd04385accb08fdbe2da) Importer(815301076,1909f56bfc062723c751e8b465ee728b)  -> (artifact id: '4f9819aabd6736494851e563f3331359') in 0.034868 seconds
  Import took 0.040800 seconds .

========================================================================
Received Import Request.
  Time since last request: 0.001590 seconds.
  path: Assets/Scripts/PlayerController.cs
  artifactKey: Guid(4ad92d01de5efd04385accb08fdbe2da) Importer(815301076,1909f56bfc062723c751e8b465ee728b)
Start importing Assets/Scripts/PlayerController.cs using Guid(4ad92d01de5efd04385accb08fdbe2da) Importer(815301076,1909f56bfc062723c751e8b465ee728b)  -> (artifact id: '4f9819aabd6736494851e563f3331359') in 0.005036 seconds
  Import took 0.011657 seconds .

========================================================================
Received Import Request.
  Time since last request: 31.935827 seconds.
  path: Assets/Prefabs/Obstacle 1.prefab
  artifactKey: Guid(d3eea4bd568a2f64db232c4237b15850) Importer(815301076,1909f56bfc062723c751e8b465ee728b)
Start importing Assets/Prefabs/Obstacle 1.prefab using Guid(d3eea4bd568a2f64db232c4237b15850) Importer(815301076,1909f56bfc062723c751e8b465ee728b)  -> (artifact id: 'eea0744e1510033fc44007827a8c1889') in 0.064301 seconds
  Import took 0.072341 seconds .

========================================================================
Received Prepare
Registering precompiled user dll's ...
Registered in 0.001403 seconds.
Begin MonoManager ReloadAssembly
Native extension for WindowsStandalone target not found
Native extension for OSXStandalone target not found
Refreshing native plugins compatible for Editor in 0.48 ms, found 0 plugins.
Preloading 0 native plugins for Editor in 0.00 ms.
Invoked RoslynAnalysisRunner static constructor.
RoslynAnalysisRunner will not be running.
RoslynAnalysisRunner has terminated.
Mono: successfully reloaded assembly
- Completed reload, in  1.885 seconds
Platform modules already initialized, skipping
Refreshing native plugins compatible for Editor in 0.44 ms, found 0 plugins.
Preloading 0 native plugins for Editor in 0.00 ms.
Unloading 1399 Unused Serialized files (Serialized files now loaded: 0)
System memory in use before: 71.3 MB.
System memory in use after: 71.4 MB.

Unloading 4 unused Assets to reduce memory usage. Loaded Objects now: 1910.
Total: 3.846900 ms (FindLiveObjects: 0.425000 ms CreateObjectMapping: 0.139600 ms MarkObjects: 3.244300 ms  DeleteObjects: 0.035200 ms)

========================================================================
Received Prepare
Registering precompiled user dll's ...
Registered in 0.001394 seconds.
Begin MonoManager ReloadAssembly
Native extension for WindowsStandalone target not found
Native extension for OSXStandalone target not found
Refreshing native plugins compatible for Editor in 0.62 ms, found 0 plugins.
Preloading 0 native plugins for Editor in 0.00 ms.
Invoked RoslynAnalysisRunner static constructor.
RoslynAnalysisRunner will not be running.
RoslynAnalysisRunner has terminated.
Mono: successfully reloaded assembly
- Completed reload, in  2.153 seconds
Platform modules already initialized, skipping
Refreshing native plugins compatible for Editor in 0.58 ms, found 0 plugins.
Preloading 0 native plugins for Editor in 0.00 ms.
Unloading 1399 Unused Serialized files (Serialized files now loaded: 0)
System memory in use before: 71.4 MB.
System memory in use after: 71.5 MB.

Unloading 4 unused Assets to reduce memory usage. Loaded Objects now: 1912.
Total: 4.884900 ms (FindLiveObjects: 0.454400 ms CreateObjectMapping: 0.116500 ms MarkObjects: 4.272500 ms  DeleteObjects: 0.037400 ms)

========================================================================
Received Prepare
Registering precompiled user dll's ...
Registered in 0.001467 seconds.
Begin MonoManager ReloadAssembly
Native extension for WindowsStandalone target not found
Native extension for OSXStandalone target not found
Refreshing native plugins compatible for Editor in 0.64 ms, found 0 plugins.
Preloading 0 native plugins for Editor in 0.00 ms.
Invoked RoslynAnalysisRunner static constructor.
RoslynAnalysisRunner will not be running.
RoslynAnalysisRunner has terminated.
Mono: successfully reloaded assembly
- Completed reload, in  1.710 seconds
Platform modules already initialized, skipping
Refreshing native plugins compatible for Editor in 0.45 ms, found 0 plugins.
Preloading 0 native plugins for Editor in 0.00 ms.
Unloading 1399 Unused Serialized files (Serialized files now loaded: 0)
System memory in use before: 71.4 MB.
System memory in use after: 71.5 MB.

Unloading 4 unused Assets to reduce memory usage. Loaded Objects now: 1914.
Total: 3.194300 ms (FindLiveObjects: 0.321400 ms CreateObjectMapping: 0.060200 ms MarkObjects: 2.778600 ms  DeleteObjects: 0.031400 ms)

========================================================================
Received Prepare
Registering precompiled user dll's ...
Registered in 0.001533 seconds.
Begin MonoManager ReloadAssembly
Native extension for WindowsStandalone target not found
Native extension for OSXStandalone target not found
Refreshing native plugins compatible for Editor in 0.45 ms, found 0 plugins.
Preloading 0 native plugins for Editor in 0.00 ms.
Invoked RoslynAnalysisRunner static constructor.
RoslynAnalysisRunner will not be running.
RoslynAnalysisRunner has terminated.
Mono: successfully reloaded assembly
- Completed reload, in  1.639 seconds
Platform modules already initialized, skipping
Refreshing native plugins compatible for Editor in 0.45 ms, found 0 plugins.
Preloading 0 native plugins for Editor in 0.00 ms.
Unloading 1399 Unused Serialized files (Serialized files now loaded: 0)
System memory in use before: 71.4 MB.
System memory in use after: 71.5 MB.

Unloading 4 unused Assets to reduce memory usage. Loaded Objects now: 1916.
Total: 4.169800 ms (FindLiveObjects: 0.446000 ms CreateObjectMapping: 0.101200 ms MarkObjects: 3.585200 ms  DeleteObjects: 0.034600 ms)

========================================================================
Received Prepare
Registering precompiled user dll's ...
Registered in 0.001538 seconds.
Begin MonoManager ReloadAssembly
Native extension for WindowsStandalone target not found
Native extension for OSXStandalone target not found
Refreshing native plugins compatible for Editor in 0.46 ms, found 0 plugins.
Preloading 0 native plugins for Editor in 0.00 ms.
Invoked RoslynAnalysisRunner static constructor.
RoslynAnalysisRunner will not be running.
RoslynAnalysisRunner has terminated.
Mono: successfully reloaded assembly
- Completed reload, in  1.729 seconds
Platform modules already initialized, skipping
Refreshing native plugins compatible for Editor in 0.65 ms, found 0 plugins.
Preloading 0 native plugins for Editor in 0.00 ms.
Unloading 1399 Unused Serialized files (Serialized files now loaded: 0)
System memory in use before: 71.4 MB.
System memory in use after: 71.5 MB.

Unloading 4 unused Assets to reduce memory usage. Loaded Objects now: 1918.
Total: 3.479000 ms (FindLiveObjects: 0.342000 ms CreateObjectMapping: 0.073400 ms MarkObjects: 3.031700 ms  DeleteObjects: 0.028600 ms)

========================================================================
Received Prepare
Registering precompiled user dll's ...
Registered in 0.001527 seconds.
Begin MonoManager ReloadAssembly
Native extension for WindowsStandalone target not found
Native extension for OSXStandalone target not found
Refreshing native plugins compatible for Editor in 0.64 ms, found 0 plugins.
Preloading 0 native plugins for Editor in 0.00 ms.
Invoked RoslynAnalysisRunner static constructor.
RoslynAnalysisRunner will not be running.
RoslynAnalysisRunner has terminated.
Mono: successfully reloaded assembly
- Completed reload, in  1.755 seconds
Platform modules already initialized, skipping
Refreshing native plugins compatible for Editor in 0.50 ms, found 0 plugins.
Preloading 0 native plugins for Editor in 0.00 ms.
Unloading 1399 Unused Serialized files (Serialized files now loaded: 0)
System memory in use before: 71.4 MB.
System memory in use after: 71.5 MB.

Unloading 4 unused Assets to reduce memory usage. Loaded Objects now: 1920.
Total: 4.256400 ms (FindLiveObjects: 0.521100 ms CreateObjectMapping: 0.106300 ms MarkObjects: 3.595600 ms  DeleteObjects: 0.030400 ms)

========================================================================
Received Prepare
Registering precompiled user dll's ...
Registered in 0.001544 seconds.
Begin MonoManager ReloadAssembly
Native extension for WindowsStandalone target not found
Native extension for OSXStandalone target not found
Refreshing native plugins compatible for Editor in 0.55 ms, found 0 plugins.
Preloading 0 native plugins for Editor in 0.00 ms.
Invoked RoslynAnalysisRunner static constructor.
RoslynAnalysisRunner will not be running.
RoslynAnalysisRunner has terminated.
Mono: successfully reloaded assembly
- Completed reload, in  1.851 seconds
Platform modules already initialized, skipping
Refreshing native plugins compatible for Editor in 0.77 ms, found 0 plugins.
Preloading 0 native plugins for Editor in 0.00 ms.
Unloading 1399 Unused Serialized files (Serialized files now loaded: 0)
System memory in use before: 71.4 MB.
System memory in use after: 71.5 MB.

Unloading 4 unused Assets to reduce memory usage. Loaded Objects now: 1922.
Total: 4.290800 ms (FindLiveObjects: 0.383200 ms CreateObjectMapping: 0.084100 ms MarkObjects: 3.782100 ms  DeleteObjects: 0.038600 ms)

========================================================================
Received Prepare
Registering precompiled user dll's ...
Registered in 0.001372 seconds.
Begin MonoManager ReloadAssembly
Native extension for WindowsStandalone target not found
Native extension for OSXStandalone target not found
Refreshing native plugins compatible for Editor in 0.62 ms, found 0 plugins.
Preloading 0 native plugins for Editor in 0.00 ms.
Invoked RoslynAnalysisRunner static constructor.
RoslynAnalysisRunner will not be running.
RoslynAnalysisRunner has terminated.
Mono: successfully reloaded assembly
- Completed reload, in  1.684 seconds
Platform modules already initialized, skipping
Refreshing native plugins compatible for Editor in 0.48 ms, found 0 plugins.
Preloading 0 native plugins for Editor in 0.00 ms.
Unloading 1399 Unused Serialized files (Serialized files now loaded: 0)
System memory in use before: 71.4 MB.
System memory in use after: 71.5 MB.

Unloading 4 unused Assets to reduce memory usage. Loaded Objects now: 1924.
Total: 3.492500 ms (FindLiveObjects: 0.341000 ms CreateObjectMapping: 0.110100 ms MarkObjects: 3.008800 ms  DeleteObjects: 0.029900 ms)

========================================================================
Received Import Request.
  Time since last request: 2406.595329 seconds.
  path: Assets/EnemyController.cs
  artifactKey: Guid(b89a5382f61f64947be827b553934c20) Importer(815301076,1909f56bfc062723c751e8b465ee728b)
Start importing Assets/EnemyController.cs using Guid(b89a5382f61f64947be827b553934c20) Importer(815301076,1909f56bfc062723c751e8b465ee728b)  -> (artifact id: 'd4d1e5c29cb4bb25bd2e33712ffcb6b0') in 0.018953 seconds
  Import took 0.023757 seconds .

========================================================================
Received Import Request.
  Time since last request: 0.002165 seconds.
  path: Assets/EnemyController.cs
  artifactKey: Guid(b89a5382f61f64947be827b553934c20) Importer(815301076,1909f56bfc062723c751e8b465ee728b)
Start importing Assets/EnemyController.cs using Guid(b89a5382f61f64947be827b553934c20) Importer(815301076,1909f56bfc062723c751e8b465ee728b)  -> (artifact id: 'd4d1e5c29cb4bb25bd2e33712ffcb6b0') in 0.004561 seconds
  Import took 0.008553 seconds .

========================================================================
Received Prepare
Registering precompiled user dll's ...
Registered in 0.001014 seconds.
Begin MonoManager ReloadAssembly
Native extension for WindowsStandalone target not found
Native extension for OSXStandalone target not found
Refreshing native plugins compatible for Editor in 0.46 ms, found 0 plugins.
Preloading 0 native plugins for Editor in 0.00 ms.
Invoked RoslynAnalysisRunner static constructor.
RoslynAnalysisRunner will not be running.
RoslynAnalysisRunner has terminated.
Mono: successfully reloaded assembly
- Completed reload, in  1.230 seconds
Platform modules already initialized, skipping
Refreshing native plugins compatible for Editor in 0.58 ms, found 0 plugins.
Preloading 0 native plugins for Editor in 0.00 ms.
Unloading 1398 Unused Serialized files (Serialized files now loaded: 0)
System memory in use before: 71.4 MB.
System memory in use after: 71.5 MB.

Unloading 5 unused Assets to reduce memory usage. Loaded Objects now: 1925.
Total: 4.071600 ms (FindLiveObjects: 0.256300 ms CreateObjectMapping: 0.058000 ms MarkObjects: 3.729400 ms  DeleteObjects: 0.026300 ms)

========================================================================
Received Import Request.
  Time since last request: 87.262416 seconds.
  path: Assets/Materials/Enemy.mat
  artifactKey: Guid(ded81123f596b0e48ad7eaceaf09fa5f) Importer(815301076,1909f56bfc062723c751e8b465ee728b)
Start importing Assets/Materials/Enemy.mat using Guid(ded81123f596b0e48ad7eaceaf09fa5f) Importer(815301076,1909f56bfc062723c751e8b465ee728b)  -> (artifact id: '0e9b36bc51bfc537598de03d7f2146e2') in 0.129611 seconds
  Import took 0.134450 seconds .

========================================================================
Received Import Request.
  Time since last request: 0.000346 seconds.
  path: Assets/Materials/Player.mat
  artifactKey: Guid(7967de282a734d744b0ce8a6ba78e1e0) Importer(815301076,1909f56bfc062723c751e8b465ee728b)
Start importing Assets/Materials/Player.mat using Guid(7967de282a734d744b0ce8a6ba78e1e0) Importer(815301076,1909f56bfc062723c751e8b465ee728b)  -> (artifact id: '304c409363cf97db6995c0e727a6188d') in 0.050328 seconds
  Import took 0.055187 seconds .

========================================================================
Received Import Request.
  Time since last request: 0.000293 seconds.
  path: Assets/Materials/Lava Small Narrow.mat
  artifactKey: Guid(9f4b813152d8f7e4a80db5d010e645e1) Importer(815301076,1909f56bfc062723c751e8b465ee728b)
Start importing Assets/Materials/Lava Small Narrow.mat using Guid(9f4b813152d8f7e4a80db5d010e645e1) Importer(815301076,1909f56bfc062723c751e8b465ee728b)  -> (artifact id: '7b267831e673901f0404672efda6b41a') in 0.052838 seconds
  Import took 0.056853 seconds .

========================================================================
Received Import Request.
  Time since last request: 4.989249 seconds.
  path: Assets/Scenes/MiniGame
  artifactKey: Guid(5e1da4a89d2834b428a2983f0ef69c48) Importer(815301076,1909f56bfc062723c751e8b465ee728b)
Start importing Assets/Scenes/MiniGame using Guid(5e1da4a89d2834b428a2983f0ef69c48) Importer(815301076,1909f56bfc062723c751e8b465ee728b)  -> (artifact id: 'f447f15846d252caa746bef28d643792') in 0.014427 seconds
  Import took 0.028005 seconds .

========================================================================
Received Import Request.
  Time since last request: 0.051232 seconds.
  path: Assets/Scenes/MiniGame/NavMesh.asset
  artifactKey: Guid(19c0dfbbdb11e9c45aeba395d047f8c6) Importer(815301076,1909f56bfc062723c751e8b465ee728b)
Start importing Assets/Scenes/MiniGame/NavMesh.asset using Guid(19c0dfbbdb11e9c45aeba395d047f8c6) Importer(815301076,1909f56bfc062723c751e8b465ee728b)  -> (artifact id: '3490cbe12cc9c287455f76cc1e29e615') in 0.029015 seconds
  Import took 0.033247 seconds .

========================================================================
Received Prepare
Registering precompiled user dll's ...
Registered in 0.001027 seconds.
Begin MonoManager ReloadAssembly
Native extension for WindowsStandalone target not found
Native extension for OSXStandalone target not found
Refreshing native plugins compatible for Editor in 0.35 ms, found 0 plugins.
Preloading 0 native plugins for Editor in 0.00 ms.
Invoked RoslynAnalysisRunner static constructor.
RoslynAnalysisRunner will not be running.
RoslynAnalysisRunner has terminated.
Mono: successfully reloaded assembly
- Completed reload, in  1.062 seconds
Platform modules already initialized, skipping
Refreshing native plugins compatible for Editor in 0.34 ms, found 0 plugins.
Preloading 0 native plugins for Editor in 0.00 ms.
Unloading 1398 Unused Serialized files (Serialized files now loaded: 0)
System memory in use before: 71.4 MB.
System memory in use after: 71.5 MB.

Unloading 4 unused Assets to reduce memory usage. Loaded Objects now: 1928.
Total: 2.468000 ms (FindLiveObjects: 0.223400 ms CreateObjectMapping: 0.044400 ms MarkObjects: 2.176500 ms  DeleteObjects: 0.021600 ms)

AssetImportWorkerClient::OnTransportError - code=2 error=End of file
